Analysis & Synthesis report for vga
Mon Jan 20 23:00:04 2020
Quartus II 64-Bit Version 13.0.1 Build 232 06/12/2013 Service Pack 1 SJ Web Edition


---------------------
; Table of Contents ;
---------------------
  1. Legal Notice
  2. Analysis & Synthesis Summary
  3. Analysis & Synthesis Settings
  4. Parallel Compilation
  5. Analysis & Synthesis Source Files Read
  6. Analysis & Synthesis Resource Usage Summary
  7. Analysis & Synthesis Resource Utilization by Entity
  8. General Register Statistics
  9. Parameter Settings for Inferred Entity Instance: lpm_divide:Div3
 10. Parameter Settings for Inferred Entity Instance: lpm_divide:Div0
 11. Parameter Settings for Inferred Entity Instance: lpm_divide:Div2
 12. Parameter Settings for Inferred Entity Instance: lpm_divide:Div1
 13. Elapsed Time Per Partition
 14. Analysis & Synthesis Messages



----------------
; Legal Notice ;
----------------
Copyright (C) 1991-2013 Altera Corporation
Your use of Altera Corporation's design tools, logic functions 
and other software and tools, and its AMPP partner logic 
functions, and any output files from any of the foregoing 
(including device programming or simulation files), and any 
associated documentation or information are expressly subject 
to the terms and conditions of the Altera Program License 
Subscription Agreement, Altera MegaCore Function License 
Agreement, or other applicable license agreement, including, 
without limitation, that your use is for the sole purpose of 
programming logic devices manufactured by Altera and sold by 
Altera or its authorized distributors.  Please refer to the 
applicable agreement for further details.



+--------------------------------------------------------------------------------------+
; Analysis & Synthesis Summary                                                         ;
+------------------------------------+-------------------------------------------------+
; Analysis & Synthesis Status        ; Successful - Mon Jan 20 23:00:04 2020           ;
; Quartus II 64-Bit Version          ; 13.0.1 Build 232 06/12/2013 SP 1 SJ Web Edition ;
; Revision Name                      ; vga                                             ;
; Top-level Entity Name              ; vga                                             ;
; Family                             ; Cyclone II                                      ;
; Total logic elements               ; 2,970                                           ;
;     Total combinational functions  ; 2,970                                           ;
;     Dedicated logic registers      ; 55                                              ;
; Total registers                    ; 55                                              ;
; Total pins                         ; 6                                               ;
; Total virtual pins                 ; 0                                               ;
; Total memory bits                  ; 0                                               ;
; Embedded Multiplier 9-bit elements ; 0                                               ;
; Total PLLs                         ; 0                                               ;
+------------------------------------+-------------------------------------------------+


+----------------------------------------------------------------------------------------------------------------------+
; Analysis & Synthesis Settings                                                                                        ;
+----------------------------------------------------------------------------+--------------------+--------------------+
; Option                                                                     ; Setting            ; Default Value      ;
+----------------------------------------------------------------------------+--------------------+--------------------+
; Device                                                                     ; EP2C5T144C8        ;                    ;
; Top-level entity name                                                      ; vga                ; vga                ;
; Family name                                                                ; Cyclone II         ; Cyclone IV GX      ;
; Use smart compilation                                                      ; Off                ; Off                ;
; Enable parallel Assembler and TimeQuest Timing Analyzer during compilation ; On                 ; On                 ;
; Enable compact report table                                                ; Off                ; Off                ;
; Restructure Multiplexers                                                   ; Auto               ; Auto               ;
; Create Debugging Nodes for IP Cores                                        ; Off                ; Off                ;
; Preserve fewer node names                                                  ; On                 ; On                 ;
; Disable OpenCore Plus hardware evaluation                                  ; Off                ; Off                ;
; Verilog Version                                                            ; Verilog_2001       ; Verilog_2001       ;
; VHDL Version                                                               ; VHDL_1993          ; VHDL_1993          ;
; State Machine Processing                                                   ; Auto               ; Auto               ;
; Safe State Machine                                                         ; Off                ; Off                ;
; Extract Verilog State Machines                                             ; On                 ; On                 ;
; Extract VHDL State Machines                                                ; On                 ; On                 ;
; Ignore Verilog initial constructs                                          ; Off                ; Off                ;
; Iteration limit for constant Verilog loops                                 ; 5000               ; 5000               ;
; Iteration limit for non-constant Verilog loops                             ; 250                ; 250                ;
; Add Pass-Through Logic to Inferred RAMs                                    ; On                 ; On                 ;
; Infer RAMs from Raw Logic                                                  ; On                 ; On                 ;
; Parallel Synthesis                                                         ; On                 ; On                 ;
; DSP Block Balancing                                                        ; Auto               ; Auto               ;
; NOT Gate Push-Back                                                         ; On                 ; On                 ;
; Power-Up Don't Care                                                        ; On                 ; On                 ;
; Remove Redundant Logic Cells                                               ; Off                ; Off                ;
; Remove Duplicate Registers                                                 ; On                 ; On                 ;
; Ignore CARRY Buffers                                                       ; Off                ; Off                ;
; Ignore CASCADE Buffers                                                     ; Off                ; Off                ;
; Ignore GLOBAL Buffers                                                      ; Off                ; Off                ;
; Ignore ROW GLOBAL Buffers                                                  ; Off                ; Off                ;
; Ignore LCELL Buffers                                                       ; Off                ; Off                ;
; Ignore SOFT Buffers                                                        ; On                 ; On                 ;
; Limit AHDL Integers to 32 Bits                                             ; Off                ; Off                ;
; Optimization Technique                                                     ; Balanced           ; Balanced           ;
; Carry Chain Length                                                         ; 70                 ; 70                 ;
; Auto Carry Chains                                                          ; On                 ; On                 ;
; Auto Open-Drain Pins                                                       ; On                 ; On                 ;
; Perform WYSIWYG Primitive Resynthesis                                      ; Off                ; Off                ;
; Auto ROM Replacement                                                       ; On                 ; On                 ;
; Auto RAM Replacement                                                       ; On                 ; On                 ;
; Auto Shift Register Replacement                                            ; Auto               ; Auto               ;
; Allow Shift Register Merging across Hierarchies                            ; Auto               ; Auto               ;
; Auto Clock Enable Replacement                                              ; On                 ; On                 ;
; Strict RAM Replacement                                                     ; Off                ; Off                ;
; Allow Synchronous Control Signals                                          ; On                 ; On                 ;
; Force Use of Synchronous Clear Signals                                     ; Off                ; Off                ;
; Auto RAM to Logic Cell Conversion                                          ; Off                ; Off                ;
; Auto Resource Sharing                                                      ; Off                ; Off                ;
; Allow Any RAM Size For Recognition                                         ; Off                ; Off                ;
; Allow Any ROM Size For Recognition                                         ; Off                ; Off                ;
; Allow Any Shift Register Size For Recognition                              ; Off                ; Off                ;
; Use LogicLock Constraints during Resource Balancing                        ; On                 ; On                 ;
; Ignore translate_off and synthesis_off directives                          ; Off                ; Off                ;
; Timing-Driven Synthesis                                                    ; Off                ; Off                ;
; Report Parameter Settings                                                  ; On                 ; On                 ;
; Report Source Assignments                                                  ; On                 ; On                 ;
; Report Connectivity Checks                                                 ; On                 ; On                 ;
; Ignore Maximum Fan-Out Assignments                                         ; Off                ; Off                ;
; Synchronization Register Chain Length                                      ; 2                  ; 2                  ;
; PowerPlay Power Optimization                                               ; Normal compilation ; Normal compilation ;
; HDL message level                                                          ; Level2             ; Level2             ;
; Suppress Register Optimization Related Messages                            ; Off                ; Off                ;
; Number of Removed Registers Reported in Synthesis Report                   ; 5000               ; 5000               ;
; Number of Swept Nodes Reported in Synthesis Report                         ; 5000               ; 5000               ;
; Number of Inverted Registers Reported in Synthesis Report                  ; 100                ; 100                ;
; Clock MUX Protection                                                       ; On                 ; On                 ;
; Auto Gated Clock Conversion                                                ; Off                ; Off                ;
; Block Design Naming                                                        ; Auto               ; Auto               ;
; SDC constraint protection                                                  ; Off                ; Off                ;
; Synthesis Effort                                                           ; Auto               ; Auto               ;
; Shift Register Replacement - Allow Asynchronous Clear Signal               ; On                 ; On                 ;
; Pre-Mapping Resynthesis Optimization                                       ; Off                ; Off                ;
; Analysis & Synthesis Message Level                                         ; Medium             ; Medium             ;
; Disable Register Merging Across Hierarchies                                ; Auto               ; Auto               ;
; Resource Aware Inference For Block RAM                                     ; On                 ; On                 ;
; Synthesis Seed                                                             ; 1                  ; 1                  ;
+----------------------------------------------------------------------------+--------------------+--------------------+


Parallel compilation was disabled, but you have multiple processors available. Enable parallel compilation to reduce compilation time.
+-------------------------------------+
; Parallel Compilation                ;
+----------------------------+--------+
; Processors                 ; Number ;
+----------------------------+--------+
; Number detected on machine ; 12     ;
; Maximum allowed            ; 1      ;
+----------------------------+--------+


+-----------------------------------------------------------------------------------------------------------------------------------------------------------------------+
; Analysis & Synthesis Source Files Read                                                                                                                                ;
+----------------------------------+-----------------+------------------------------+-------------------------------------------------------------------------+---------+
; File Name with User-Entered Path ; Used in Netlist ; File Type                    ; File Name with Absolute Path                                            ; Library ;
+----------------------------------+-----------------+------------------------------+-------------------------------------------------------------------------+---------+
; vga.vhd                          ; yes             ; User VHDL File               ; /hdd/jonas/Projects/FPGA/vga/vga.vhd                                    ;         ;
; lpm_divide.tdf                   ; yes             ; Megafunction                 ; /opt/altera/13.0sp1/quartus/libraries/megafunctions/lpm_divide.tdf      ;         ;
; abs_divider.inc                  ; yes             ; Megafunction                 ; /opt/altera/13.0sp1/quartus/libraries/megafunctions/abs_divider.inc     ;         ;
; sign_div_unsign.inc              ; yes             ; Megafunction                 ; /opt/altera/13.0sp1/quartus/libraries/megafunctions/sign_div_unsign.inc ;         ;
; aglobal130.inc                   ; yes             ; Megafunction                 ; /opt/altera/13.0sp1/quartus/libraries/megafunctions/aglobal130.inc      ;         ;
; db/lpm_divide_bso.tdf            ; yes             ; Auto-Generated Megafunction  ; /hdd/jonas/Projects/FPGA/vga/db/lpm_divide_bso.tdf                      ;         ;
; db/abs_divider_obg.tdf           ; yes             ; Auto-Generated Megafunction  ; /hdd/jonas/Projects/FPGA/vga/db/abs_divider_obg.tdf                     ;         ;
; db/alt_u_div_s2f.tdf             ; yes             ; Auto-Generated Megafunction  ; /hdd/jonas/Projects/FPGA/vga/db/alt_u_div_s2f.tdf                       ;         ;
; db/add_sub_lkc.tdf               ; yes             ; Auto-Generated Megafunction  ; /hdd/jonas/Projects/FPGA/vga/db/add_sub_lkc.tdf                         ;         ;
; db/add_sub_mkc.tdf               ; yes             ; Auto-Generated Megafunction  ; /hdd/jonas/Projects/FPGA/vga/db/add_sub_mkc.tdf                         ;         ;
; db/lpm_abs_kq9.tdf               ; yes             ; Auto-Generated Megafunction  ; /hdd/jonas/Projects/FPGA/vga/db/lpm_abs_kq9.tdf                         ;         ;
; db/lpm_abs_0s9.tdf               ; yes             ; Auto-Generated Megafunction  ; /hdd/jonas/Projects/FPGA/vga/db/lpm_abs_0s9.tdf                         ;         ;
; db/lpm_divide_lto.tdf            ; yes             ; Auto-Generated Megafunction  ; /hdd/jonas/Projects/FPGA/vga/db/lpm_divide_lto.tdf                      ;         ;
; db/abs_divider_2dg.tdf           ; yes             ; Auto-Generated Megafunction  ; /hdd/jonas/Projects/FPGA/vga/db/abs_divider_2dg.tdf                     ;         ;
; db/alt_u_div_g5f.tdf             ; yes             ; Auto-Generated Megafunction  ; /hdd/jonas/Projects/FPGA/vga/db/alt_u_div_g5f.tdf                       ;         ;
; db/lpm_abs_ur9.tdf               ; yes             ; Auto-Generated Megafunction  ; /hdd/jonas/Projects/FPGA/vga/db/lpm_abs_ur9.tdf                         ;         ;
; db/lpm_divide_qto.tdf            ; yes             ; Auto-Generated Megafunction  ; /hdd/jonas/Projects/FPGA/vga/db/lpm_divide_qto.tdf                      ;         ;
; db/abs_divider_adg.tdf           ; yes             ; Auto-Generated Megafunction  ; /hdd/jonas/Projects/FPGA/vga/db/abs_divider_adg.tdf                     ;         ;
; db/alt_u_div_l5f.tdf             ; yes             ; Auto-Generated Megafunction  ; /hdd/jonas/Projects/FPGA/vga/db/alt_u_div_l5f.tdf                       ;         ;
; db/lpm_abs_7s9.tdf               ; yes             ; Auto-Generated Megafunction  ; /hdd/jonas/Projects/FPGA/vga/db/lpm_abs_7s9.tdf                         ;         ;
; db/lpm_divide_mto.tdf            ; yes             ; Auto-Generated Megafunction  ; /hdd/jonas/Projects/FPGA/vga/db/lpm_divide_mto.tdf                      ;         ;
; db/abs_divider_3dg.tdf           ; yes             ; Auto-Generated Megafunction  ; /hdd/jonas/Projects/FPGA/vga/db/abs_divider_3dg.tdf                     ;         ;
; db/alt_u_div_i5f.tdf             ; yes             ; Auto-Generated Megafunction  ; /hdd/jonas/Projects/FPGA/vga/db/alt_u_div_i5f.tdf                       ;         ;
; db/lpm_abs_3s9.tdf               ; yes             ; Auto-Generated Megafunction  ; /hdd/jonas/Projects/FPGA/vga/db/lpm_abs_3s9.tdf                         ;         ;
+----------------------------------+-----------------+------------------------------+-------------------------------------------------------------------------+---------+


+---------------------------------------------------------+
; Analysis & Synthesis Resource Usage Summary             ;
+---------------------------------------------+-----------+
; Resource                                    ; Usage     ;
+---------------------------------------------+-----------+
; Estimated Total logic elements              ; 2,970     ;
;                                             ;           ;
; Total combinational functions               ; 2970      ;
; Logic element usage by number of LUT inputs ;           ;
;     -- 4 input functions                    ; 872       ;
;     -- 3 input functions                    ; 775       ;
;     -- <=2 input functions                  ; 1323      ;
;                                             ;           ;
; Logic elements by mode                      ;           ;
;     -- normal mode                          ; 2104      ;
;     -- arithmetic mode                      ; 866       ;
;                                             ;           ;
; Total registers                             ; 55        ;
;     -- Dedicated logic registers            ; 55        ;
;     -- I/O registers                        ; 0         ;
;                                             ;           ;
; I/O pins                                    ; 6         ;
; Embedded Multiplier 9-bit elements          ; 0         ;
; Maximum fan-out node                        ; count[31] ;
; Maximum fan-out                             ; 143       ;
; Total fan-out                               ; 8464      ;
; Average fan-out                             ; 2.79      ;
+---------------------------------------------+-----------+


+----------------------------------------------------------------------------------------------------------------------------------------------------------------------------------------------------------------------------------------------------------------------+
; Analysis & Synthesis Resource Utilization by Entity                                                                                                                                                                                                                  ;
+---------------------------------------+-------------------+--------------+-------------+--------------+---------+-----------+------+--------------+---------------------------------------------------------------------------------------------------+--------------+
; Compilation Hierarchy Node            ; LC Combinationals ; LC Registers ; Memory Bits ; DSP Elements ; DSP 9x9 ; DSP 18x18 ; Pins ; Virtual Pins ; Full Hierarchy Name                                                                               ; Library Name ;
+---------------------------------------+-------------------+--------------+-------------+--------------+---------+-----------+------+--------------+---------------------------------------------------------------------------------------------------+--------------+
; |vga                                  ; 2970 (192)        ; 55 (55)      ; 0           ; 0            ; 0       ; 0         ; 6    ; 0            ; |vga                                                                                              ; work         ;
;    |lpm_divide:Div0|                  ; 807 (0)           ; 0 (0)        ; 0           ; 0            ; 0       ; 0         ; 0    ; 0            ; |vga|lpm_divide:Div0                                                                              ; work         ;
;       |lpm_divide_lto:auto_generated| ; 807 (0)           ; 0 (0)        ; 0           ; 0            ; 0       ; 0         ; 0    ; 0            ; |vga|lpm_divide:Div0|lpm_divide_lto:auto_generated                                                ; work         ;
;          |abs_divider_2dg:divider|    ; 807 (30)          ; 0 (0)        ; 0           ; 0            ; 0       ; 0         ; 0    ; 0            ; |vga|lpm_divide:Div0|lpm_divide_lto:auto_generated|abs_divider_2dg:divider                        ; work         ;
;             |alt_u_div_g5f:divider|   ; 735 (735)         ; 0 (0)        ; 0           ; 0            ; 0       ; 0         ; 0    ; 0            ; |vga|lpm_divide:Div0|lpm_divide_lto:auto_generated|abs_divider_2dg:divider|alt_u_div_g5f:divider  ; work         ;
;             |lpm_abs_0s9:my_abs_num|  ; 42 (42)           ; 0 (0)        ; 0           ; 0            ; 0       ; 0         ; 0    ; 0            ; |vga|lpm_divide:Div0|lpm_divide_lto:auto_generated|abs_divider_2dg:divider|lpm_abs_0s9:my_abs_num ; work         ;
;    |lpm_divide:Div1|                  ; 717 (0)           ; 0 (0)        ; 0           ; 0            ; 0       ; 0         ; 0    ; 0            ; |vga|lpm_divide:Div1                                                                              ; work         ;
;       |lpm_divide_mto:auto_generated| ; 717 (0)           ; 0 (0)        ; 0           ; 0            ; 0       ; 0         ; 0    ; 0            ; |vga|lpm_divide:Div1|lpm_divide_mto:auto_generated                                                ; work         ;
;          |abs_divider_3dg:divider|    ; 717 (28)          ; 0 (0)        ; 0           ; 0            ; 0       ; 0         ; 0    ; 0            ; |vga|lpm_divide:Div1|lpm_divide_mto:auto_generated|abs_divider_3dg:divider                        ; work         ;
;             |alt_u_div_i5f:divider|   ; 686 (686)         ; 0 (0)        ; 0           ; 0            ; 0       ; 0         ; 0    ; 0            ; |vga|lpm_divide:Div1|lpm_divide_mto:auto_generated|abs_divider_3dg:divider|alt_u_div_i5f:divider  ; work         ;
;             |lpm_abs_0s9:my_abs_num|  ; 3 (3)             ; 0 (0)        ; 0           ; 0            ; 0       ; 0         ; 0    ; 0            ; |vga|lpm_divide:Div1|lpm_divide_mto:auto_generated|abs_divider_3dg:divider|lpm_abs_0s9:my_abs_num ; work         ;
;    |lpm_divide:Div2|                  ; 635 (0)           ; 0 (0)        ; 0           ; 0            ; 0       ; 0         ; 0    ; 0            ; |vga|lpm_divide:Div2                                                                              ; work         ;
;       |lpm_divide_qto:auto_generated| ; 635 (0)           ; 0 (0)        ; 0           ; 0            ; 0       ; 0         ; 0    ; 0            ; |vga|lpm_divide:Div2|lpm_divide_qto:auto_generated                                                ; work         ;
;          |abs_divider_adg:divider|    ; 635 (26)          ; 0 (0)        ; 0           ; 0            ; 0       ; 0         ; 0    ; 0            ; |vga|lpm_divide:Div2|lpm_divide_qto:auto_generated|abs_divider_adg:divider                        ; work         ;
;             |alt_u_div_l5f:divider|   ; 609 (609)         ; 0 (0)        ; 0           ; 0            ; 0       ; 0         ; 0    ; 0            ; |vga|lpm_divide:Div2|lpm_divide_qto:auto_generated|abs_divider_adg:divider|alt_u_div_l5f:divider  ; work         ;
;    |lpm_divide:Div3|                  ; 619 (0)           ; 0 (0)        ; 0           ; 0            ; 0       ; 0         ; 0    ; 0            ; |vga|lpm_divide:Div3                                                                              ; work         ;
;       |lpm_divide_bso:auto_generated| ; 619 (0)           ; 0 (0)        ; 0           ; 0            ; 0       ; 0         ; 0    ; 0            ; |vga|lpm_divide:Div3|lpm_divide_bso:auto_generated                                                ; work         ;
;          |abs_divider_obg:divider|    ; 619 (0)           ; 0 (0)        ; 0           ; 0            ; 0       ; 0         ; 0    ; 0            ; |vga|lpm_divide:Div3|lpm_divide_bso:auto_generated|abs_divider_obg:divider                        ; work         ;
;             |alt_u_div_s2f:divider|   ; 579 (579)         ; 0 (0)        ; 0           ; 0            ; 0       ; 0         ; 0    ; 0            ; |vga|lpm_divide:Div3|lpm_divide_bso:auto_generated|abs_divider_obg:divider|alt_u_div_s2f:divider  ; work         ;
;             |lpm_abs_0s9:my_abs_num|  ; 40 (40)           ; 0 (0)        ; 0           ; 0            ; 0       ; 0         ; 0    ; 0            ; |vga|lpm_divide:Div3|lpm_divide_bso:auto_generated|abs_divider_obg:divider|lpm_abs_0s9:my_abs_num ; work         ;
+---------------------------------------+-------------------+--------------+-------------+--------------+---------+-----------+------+--------------+---------------------------------------------------------------------------------------------------+--------------+
Note: For table entries with two numbers listed, the numbers in parentheses indicate the number of resources of the given type used by the specific entity alone. The numbers listed outside of parentheses indicate the total resources of the given type used by the specific entity and all of its sub-entities in the hierarchy.


+------------------------------------------------------+
; General Register Statistics                          ;
+----------------------------------------------+-------+
; Statistic                                    ; Value ;
+----------------------------------------------+-------+
; Total registers                              ; 55    ;
; Number of registers using Synchronous Clear  ; 21    ;
; Number of registers using Synchronous Load   ; 0     ;
; Number of registers using Asynchronous Clear ; 0     ;
; Number of registers using Asynchronous Load  ; 0     ;
; Number of registers using Clock Enable       ; 10    ;
; Number of registers using Preset             ; 0     ;
+----------------------------------------------+-------+


+------------------------------------------------------------------+
; Parameter Settings for Inferred Entity Instance: lpm_divide:Div3 ;
+------------------------+----------------+------------------------+
; Parameter Name         ; Value          ; Type                   ;
+------------------------+----------------+------------------------+
; LPM_WIDTHN             ; 32             ; Untyped                ;
; LPM_WIDTHD             ; 9              ; Untyped                ;
; LPM_NREPRESENTATION    ; SIGNED         ; Untyped                ;
; LPM_DREPRESENTATION    ; SIGNED         ; Untyped                ;
; LPM_PIPELINE           ; 0              ; Untyped                ;
; LPM_REMAINDERPOSITIVE  ; FALSE          ; Untyped                ;
; MAXIMIZE_SPEED         ; 5              ; Untyped                ;
; CBXI_PARAMETER         ; lpm_divide_bso ; Untyped                ;
; CARRY_CHAIN            ; MANUAL         ; Untyped                ;
; OPTIMIZE_FOR_SPEED     ; 5              ; Untyped                ;
; AUTO_CARRY_CHAINS      ; ON             ; AUTO_CARRY             ;
; IGNORE_CARRY_BUFFERS   ; OFF            ; IGNORE_CARRY           ;
; AUTO_CASCADE_CHAINS    ; ON             ; AUTO_CASCADE           ;
; IGNORE_CASCADE_BUFFERS ; OFF            ; IGNORE_CASCADE         ;
+------------------------+----------------+------------------------+
Note: In order to hide this table in the UI and the text report file, please set the "Show Parameter Settings in Synthesis Report" option in "Analysis and Synthesis Settings -> More Settings" to "Off".


+------------------------------------------------------------------+
; Parameter Settings for Inferred Entity Instance: lpm_divide:Div0 ;
+------------------------+----------------+------------------------+
; Parameter Name         ; Value          ; Type                   ;
+------------------------+----------------+------------------------+
; LPM_WIDTHN             ; 32             ; Untyped                ;
; LPM_WIDTHD             ; 21             ; Untyped                ;
; LPM_NREPRESENTATION    ; SIGNED         ; Untyped                ;
; LPM_DREPRESENTATION    ; SIGNED         ; Untyped                ;
; LPM_PIPELINE           ; 0              ; Untyped                ;
; LPM_REMAINDERPOSITIVE  ; FALSE          ; Untyped                ;
; MAXIMIZE_SPEED         ; 5              ; Untyped                ;
; CBXI_PARAMETER         ; lpm_divide_lto ; Untyped                ;
; CARRY_CHAIN            ; MANUAL         ; Untyped                ;
; OPTIMIZE_FOR_SPEED     ; 5              ; Untyped                ;
; AUTO_CARRY_CHAINS      ; ON             ; AUTO_CARRY             ;
; IGNORE_CARRY_BUFFERS   ; OFF            ; IGNORE_CARRY           ;
; AUTO_CASCADE_CHAINS    ; ON             ; AUTO_CASCADE           ;
; IGNORE_CASCADE_BUFFERS ; OFF            ; IGNORE_CASCADE         ;
+------------------------+----------------+------------------------+
Note: In order to hide this table in the UI and the text report file, please set the "Show Parameter Settings in Synthesis Report" option in "Analysis and Synthesis Settings -> More Settings" to "Off".


+------------------------------------------------------------------+
; Parameter Settings for Inferred Entity Instance: lpm_divide:Div2 ;
+------------------------+----------------+------------------------+
; Parameter Name         ; Value          ; Type                   ;
+------------------------+----------------+------------------------+
; LPM_WIDTHN             ; 32             ; Untyped                ;
; LPM_WIDTHD             ; 23             ; Untyped                ;
; LPM_NREPRESENTATION    ; SIGNED         ; Untyped                ;
; LPM_DREPRESENTATION    ; SIGNED         ; Untyped                ;
; LPM_PIPELINE           ; 0              ; Untyped                ;
; LPM_REMAINDERPOSITIVE  ; FALSE          ; Untyped                ;
; MAXIMIZE_SPEED         ; 5              ; Untyped                ;
; CBXI_PARAMETER         ; lpm_divide_qto ; Untyped                ;
; CARRY_CHAIN            ; MANUAL         ; Untyped                ;
; OPTIMIZE_FOR_SPEED     ; 5              ; Untyped                ;
; AUTO_CARRY_CHAINS      ; ON             ; AUTO_CARRY             ;
; IGNORE_CARRY_BUFFERS   ; OFF            ; IGNORE_CARRY           ;
; AUTO_CASCADE_CHAINS    ; ON             ; AUTO_CASCADE           ;
; IGNORE_CASCADE_BUFFERS ; OFF            ; IGNORE_CASCADE         ;
+------------------------+----------------+------------------------+
Note: In order to hide this table in the UI and the text report file, please set the "Show Parameter Settings in Synthesis Report" option in "Analysis and Synthesis Settings -> More Settings" to "Off".


+------------------------------------------------------------------+
; Parameter Settings for Inferred Entity Instance: lpm_divide:Div1 ;
+------------------------+----------------+------------------------+
; Parameter Name         ; Value          ; Type                   ;
+------------------------+----------------+------------------------+
; LPM_WIDTHN             ; 32             ; Untyped                ;
; LPM_WIDTHD             ; 22             ; Untyped                ;
; LPM_NREPRESENTATION    ; SIGNED         ; Untyped                ;
; LPM_DREPRESENTATION    ; SIGNED         ; Untyped                ;
; LPM_PIPELINE           ; 0              ; Untyped                ;
; LPM_REMAINDERPOSITIVE  ; FALSE          ; Untyped                ;
; MAXIMIZE_SPEED         ; 5              ; Untyped                ;
; CBXI_PARAMETER         ; lpm_divide_mto ; Untyped                ;
; CARRY_CHAIN            ; MANUAL         ; Untyped                ;
; OPTIMIZE_FOR_SPEED     ; 5              ; Untyped                ;
; AUTO_CARRY_CHAINS      ; ON             ; AUTO_CARRY             ;
; IGNORE_CARRY_BUFFERS   ; OFF            ; IGNORE_CARRY           ;
; AUTO_CASCADE_CHAINS    ; ON             ; AUTO_CASCADE           ;
; IGNORE_CASCADE_BUFFERS ; OFF            ; IGNORE_CASCADE         ;
+------------------------+----------------+------------------------+
Note: In order to hide this table in the UI and the text report file, please set the "Show Parameter Settings in Synthesis Report" option in "Analysis and Synthesis Settings -> More Settings" to "Off".


+-------------------------------+
; Elapsed Time Per Partition    ;
+----------------+--------------+
; Partition Name ; Elapsed Time ;
+----------------+--------------+
; Top            ; 00:00:13     ;
+----------------+--------------+


+-------------------------------+
; Analysis & Synthesis Messages ;
+-------------------------------+
Info: *******************************************************************
Info: Running Quartus II 64-Bit Analysis & Synthesis
    Info: Version 13.0.1 Build 232 06/12/2013 Service Pack 1 SJ Web Edition
    Info: Processing started: Mon Jan 20 22:59:48 2020
Info: Command: quartus_map --read_settings_files=on --write_settings_files=off vga -c vga
Warning (20028): Parallel compilation is not licensed and has been disabled
Info (12021): Found 2 design units, including 1 entities, in source file vga.vhd
    Info (12022): Found design unit 1: vga-logic
    Info (12023): Found entity 1: vga
Info (12127): Elaborating entity "vga" for the top level hierarchy
Info (278001): Inferred 4 megafunctions from design logic
    Info (278004): Inferred divider/modulo megafunction ("lpm_divide") from the following logic: "Div3"
    Info (278004): Inferred divider/modulo megafunction ("lpm_divide") from the following logic: "Div0"
    Info (278004): Inferred divider/modulo megafunction ("lpm_divide") from the following logic: "Div2"
    Info (278004): Inferred divider/modulo megafunction ("lpm_divide") from the following logic: "Div1"
Info (12130): Elaborated megafunction instantiation "lpm_divide:Div3"
Info (12133): Instantiated megafunction "lpm_divide:Div3" with the following parameter:
    Info (12134): Parameter "LPM_WIDTHN" = "32"
    Info (12134): Parameter "LPM_WIDTHD" = "9"
    Info (12134): Parameter "LPM_NREPRESENTATION" = "SIGNED"
    Info (12134): Parameter "LPM_DREPRESENTATION" = "SIGNED"
    Info (12134): Parameter "LPM_HINT" = "LPM_REMAINDERPOSITIVE=FALSE"
Info (12021): Found 1 design units, including 1 entities, in source file db/lpm_divide_bso.tdf
    Info (12023): Found entity 1: lpm_divide_bso
Info (12021): Found 1 design units, including 1 entities, in source file db/abs_divider_obg.tdf
    Info (12023): Found entity 1: abs_divider_obg
Info (12021): Found 1 design units, including 1 entities, in source file db/alt_u_div_s2f.tdf
    Info (12023): Found entity 1: alt_u_div_s2f
Info (12021): Found 1 design units, including 1 entities, in source file db/add_sub_lkc.tdf
    Info (12023): Found entity 1: add_sub_lkc
Info (12021): Found 1 design units, including 1 entities, in source file db/add_sub_mkc.tdf
    Info (12023): Found entity 1: add_sub_mkc
Info (12021): Found 1 design units, including 1 entities, in source file db/lpm_abs_kq9.tdf
    Info (12023): Found entity 1: lpm_abs_kq9
Info (12021): Found 1 design units, including 1 entities, in source file db/lpm_abs_0s9.tdf
    Info (12023): Found entity 1: lpm_abs_0s9
Info (12130): Elaborated megafunction instantiation "lpm_divide:Div0"
Info (12133): Instantiated megafunction "lpm_divide:Div0" with the following parameter:
    Info (12134): Parameter "LPM_WIDTHN" = "32"
    Info (12134): Parameter "LPM_WIDTHD" = "21"
    Info (12134): Parameter "LPM_NREPRESENTATION" = "SIGNED"
    Info (12134): Parameter "LPM_DREPRESENTATION" = "SIGNED"
    Info (12134): Parameter "LPM_HINT" = "LPM_REMAINDERPOSITIVE=FALSE"
Info (12021): Found 1 design units, including 1 entities, in source file db/lpm_divide_lto.tdf
    Info (12023): Found entity 1: lpm_divide_lto
Info (12021): Found 1 design units, including 1 entities, in source file db/abs_divider_2dg.tdf
    Info (12023): Found entity 1: abs_divider_2dg
Info (12021): Found 1 design units, including 1 entities, in source file db/alt_u_div_g5f.tdf
    Info (12023): Found entity 1: alt_u_div_g5f
Info (12021): Found 1 design units, including 1 entities, in source file db/lpm_abs_ur9.tdf
    Info (12023): Found entity 1: lpm_abs_ur9
Info (12130): Elaborated megafunction instantiation "lpm_divide:Div2"
Info (12133): Instantiated megafunction "lpm_divide:Div2" with the following parameter:
    Info (12134): Parameter "LPM_WIDTHN" = "32"
    Info (12134): Parameter "LPM_WIDTHD" = "23"
    Info (12134): Parameter "LPM_NREPRESENTATION" = "SIGNED"
    Info (12134): Parameter "LPM_DREPRESENTATION" = "SIGNED"
    Info (12134): Parameter "LPM_HINT" = "LPM_REMAINDERPOSITIVE=FALSE"
Info (12021): Found 1 design units, including 1 entities, in source file db/lpm_divide_qto.tdf
    Info (12023): Found entity 1: lpm_divide_qto
Info (12021): Found 1 design units, including 1 entities, in source file db/abs_divider_adg.tdf
    Info (12023): Found entity 1: abs_divider_adg
Info (12021): Found 1 design units, including 1 entities, in source file db/alt_u_div_l5f.tdf
    Info (12023): Found entity 1: alt_u_div_l5f
Info (12021): Found 1 design units, including 1 entities, in source file db/lpm_abs_7s9.tdf
    Info (12023): Found entity 1: lpm_abs_7s9
Info (12130): Elaborated megafunction instantiation "lpm_divide:Div1"
Info (12133): Instantiated megafunction "lpm_divide:Div1" with the following parameter:
    Info (12134): Parameter "LPM_WIDTHN" = "32"
    Info (12134): Parameter "LPM_WIDTHD" = "22"
    Info (12134): Parameter "LPM_NREPRESENTATION" = "SIGNED"
    Info (12134): Parameter "LPM_DREPRESENTATION" = "SIGNED"
    Info (12134): Parameter "LPM_HINT" = "LPM_REMAINDERPOSITIVE=FALSE"
Info (12021): Found 1 design units, including 1 entities, in source file db/lpm_divide_mto.tdf
    Info (12023): Found entity 1: lpm_divide_mto
Info (12021): Found 1 design units, including 1 entities, in source file db/abs_divider_3dg.tdf
    Info (12023): Found entity 1: abs_divider_3dg
Info (12021): Found 1 design units, including 1 entities, in source file db/alt_u_div_i5f.tdf
    Info (12023): Found entity 1: alt_u_div_i5f
Info (12021): Found 1 design units, including 1 entities, in source file db/lpm_abs_3s9.tdf
    Info (12023): Found entity 1: lpm_abs_3s9
Info (13014): Ignored 124 buffer(s)
    Info (13016): Ignored 124 CARRY_SUM buffer(s)
Info (16010): Generating hard_block partition "hard_block:auto_generated_inst"
    Info (16011): Adding 0 node(s), including 0 DDIO, 0 PLL, 0 transceiver and 0 LCELL
Info (21057): Implemented 2976 device resources after synthesis - the final resource count might be different
    Info (21058): Implemented 1 input pins
    Info (21059): Implemented 5 output pins
    Info (21061): Implemented 2970 logic cells
Info: Quartus II 64-Bit Analysis & Synthesis was successful. 0 errors, 1 warning
    Info: Peak virtual memory: 697 megabytes
    Info: Processing ended: Mon Jan 20 23:00:04 2020
    Info: Elapsed time: 00:00:16
    Info: Total CPU time (on all processors): 00:00:16


